<?xml version="1.0" encoding="UTF-8"?>
<!-- Generated by org.testng.reporters.JUnitReportReporter -->
<testsuite hostname="DESKTOP-85PDU80" failures="0" tests="1" name="com.training.sanity.tests.LoginTests" time="6.951" errors="0" timestamp="2023-04-05T01:23:33 IST" skipped="0">
  <testcase classname="com.training.sanity.tests.LoginTests" name="validLoginTest" time="6.951"/>
  <system-out/>
</testsuite> <!-- com.training.sanity.tests.LoginTests -->
