<?xml version="1.0" encoding="UTF-8"?>
<!-- Generated by org.testng.reporters.JUnitReportReporter -->
<testsuite hostname="DESKTOP-85PDU80" failures="0" tests="1" name="com.training.sanity.tests.MX_Player" time="114.019" errors="0" timestamp="2023-04-13T11:36:09 IST" skipped="0">
  <testcase classname="com.training.sanity.tests.MX_Player" name="MxPlayer" time="114.019"/>
  <system-out/>
</testsuite> <!-- com.training.sanity.tests.MX_Player -->
