<?xml version="1.0" encoding="UTF-8"?>
<!-- Generated by org.testng.reporters.JUnitReportReporter -->
<testsuite skipped="0" hostname="DESKTOP-4QCETN2" name="com.training.regression.tests.LoginMultipleValuesTest" tests="2" failures="0" timestamp="18 Dec 2018 11:18:13 GMT" time="30.596" errors="0">
  <testcase name="testMethod1" time="15.948" classname="com.training.regression.tests.LoginMultipleValuesTest"/>
  <testcase name="testMethod1" time="14.648" classname="com.training.regression.tests.LoginMultipleValuesTest"/>
</testsuite> <!-- com.training.regression.tests.LoginMultipleValuesTest -->
